#
# An unexpected error has been detected by Java Runtime Environment:
#
#  EXCEPTION_ACCESS_VIOLATION (0xc0000005) at pc=0x5d0b7f07, pid=1860, tid=5400
#
# Java VM: Java HotSpot(TM) Client VM (1.6.0-b105 mixed mode)
# Problematic frame:
# C  0x5d0b7f07
#
# If you would like to submit a bug report, please visit:
#   http://java.sun.com/webapps/bugreport/crash.jsp
#

---------------  T H R E A D  ---------------

Current thread (0x068cc800):  JavaThread "main" [_thread_in_native, id=5400]

siginfo: ExceptionCode=0xc0000005, reading address 0x00000564

Registers:
EAX=0x00000000, EBX=0x00000000, ECX=0x00001518, EDX=0x00001518
ESP=0x00d3a720, EBP=0x00d3a73c, ESI=0x00000000, EDI=0x00000000
EIP=0x5d0b7f07, EFLAGS=0x00210246

Top of Stack: (sp=0x00d3a720)
0x00d3a720:   1a9a8198 7ff20000 00000000 7ff20000
0x00d3a730:   7ff20000 00d3a73c 5d0ac577 00d3a758
0x00d3a740:   5d0ab997 00000000 5d111040 00000000
0x00d3a750:   00000000 00000000 00d3a780 5d0aa7de
0x00d3a760:   00000000 00000000 00000001 00000000
0x00d3a770:   5d0996f5 00000001 00000000 0029f568
0x00d3a780:   00d3a790 5d09997d 00000001 00000000
0x00d3a790:   00d3a7f0 5d10aeed 5d070000 00000000 

Instructions: (pc=0x5d0b7f07)
0x5d0b7ef7:   8b ff 55 8b ec 83 ec 10 53 56 8b 75 08 57 33 ff
0x5d0b7f07:   39 be 64 05 00 00 74 0d 8d 96 b0 1b 00 00 8b ce 


Stack: [0x00540000,0x00d40000),  sp=0x00d3a720,  free space=8169k
Native frames: (J=compiled Java code, j=interpreted, Vv=VM code, C=native code)
C  0x5d0b7f07
C  0x5d0ab997
C  0x5d0aa7de
C  0x5d09997d
C  0x5d10aeed
C  [ntdll.dll+0x58968]
C  [ntdll.dll+0x5e094]
C  [ntdll.dll+0x5e12f]
C  [kernel32.dll+0x5bbf7]
C  [MSVCR80.dll+0x1720]
C  [MSVCR80.dll+0x1a4b]
C  [m_dispatcher.dll+0x18b36]
C  [m_dispatcher.dll+0x840a]
C  [m_dispatcher.dll+0x2b0eb]
C  [m_dispatcher.dll+0x18b36]
C  [m_dispatcher.dll+0x840a]
C  [m_interpreter.dll+0x3c28d]
C  [m_interpreter.dll+0x3c342]
C  [nativejmi.dll+0x1b12]
C  [nativejmi.dll+0x1df0]
C  [nativejmi.dll+0x1eaa]
C  [nativejmi.dll+0x4ab6]
j  com.mathworks.jmi.NativeMatlab.SendMatlabMessage(Ljava/lang/Object;)Ljava/lang/Object;+0
j  com.mathworks.jmi.NativeMatlab.sendMatlabMessage(Ljava/lang/Object;)Ljava/lang/Object;+22
j  com.mathworks.jmi.MatlabLooper.sendMatlabMessage(Lcom/mathworks/services/message/MWMessage;)Ljava/lang/Object;+20
j  com.mathworks.jmi.Matlab.mtFevalConsoleOutput(Ljava/lang/String;[Ljava/lang/Object;I)Ljava/lang/Object;+58
j  com.mathworks.mde.desk.MLDesktop$5.run()V+14
j  com.mathworks.jmi.NativeMatlab.dispatchMTRequests(Z)V+50
v  ~StubRoutines::call_stub

Java frames: (J=compiled Java code, j=interpreted, Vv=VM code)
j  com.mathworks.jmi.NativeMatlab.SendMatlabMessage(Ljava/lang/Object;)Ljava/lang/Object;+0
j  com.mathworks.jmi.NativeMatlab.sendMatlabMessage(Ljava/lang/Object;)Ljava/lang/Object;+22
j  com.mathworks.jmi.MatlabLooper.sendMatlabMessage(Lcom/mathworks/services/message/MWMessage;)Ljava/lang/Object;+20
j  com.mathworks.jmi.Matlab.mtFevalConsoleOutput(Ljava/lang/String;[Ljava/lang/Object;I)Ljava/lang/Object;+58
j  com.mathworks.mde.desk.MLDesktop$5.run()V+14
j  com.mathworks.jmi.NativeMatlab.dispatchMTRequests(Z)V+50
v  ~StubRoutines::call_stub

---------------  P R O C E S S  ---------------

Java Threads: ( => current thread )
  0x17e77000 JavaThread "Image Fetcher 0" daemon [_thread_blocked, id=7616]
  0x1787c400 JavaThread "Thread-483" [_thread_in_native, id=884]
  0x17879000 JavaThread "Thread-482" [_thread_in_native, id=6872]
  0x17877800 JavaThread "Thread-476" [_thread_in_native, id=3348]
  0x17876000 JavaThread "Thread-475" [_thread_in_native, id=6708]
  0x17879c00 JavaThread "Timer-4" [_thread_blocked, id=3924]
  0x1787b400 JavaThread "Prefs Updater" [_thread_blocked, id=3228]
  0x1787b800 JavaThread "Thread-41" [_thread_in_native, id=6048]
  0x1787a800 JavaThread "MultiThreadedHttpConnectionManager cleanup" daemon [_thread_blocked, id=3280]
  0x17875000 JavaThread "Active Reference Queue Daemon" daemon [_thread_blocked, id=5800]
  0x17874c00 JavaThread "Timer-2" daemon [_thread_blocked, id=3876]
  0x1783fc00 JavaThread "Timer-1" daemon [_thread_blocked, id=5812]
  0x16e9a000 JavaThread "TimerQueue" daemon [_thread_blocked, id=1836]
  0x16dff000 JavaThread "AWT-EventQueue-0" [_thread_blocked, id=4136]
  0x06d74000 JavaThread "AWT-Shutdown" [_thread_blocked, id=5216]
  0x16d9b800 JavaThread "AWT-Windows" daemon [_thread_in_native, id=2368]
  0x16d9ac00 JavaThread "Java2D Disposer" daemon [_thread_blocked, id=6084]
  0x168ad800 JavaThread "Timer-0" [_thread_blocked, id=5272]
  0x06d5f800 JavaThread "Low Memory Detector" daemon [_thread_blocked, id=4380]
  0x06d5b400 JavaThread "CompilerThread0" daemon [_thread_blocked, id=6116]
  0x06d5ac00 JavaThread "Attach Listener" daemon [_thread_blocked, id=3148]
  0x06d49000 JavaThread "Finalizer" daemon [_thread_blocked, id=2708]
  0x06d3c000 JavaThread "Reference Handler" daemon [_thread_blocked, id=5992]
=>0x068cc800 JavaThread "main" [_thread_in_native, id=5400]

Other Threads:
  0x06d38800 VMThread [id=1224]
  0x06d6b000 WatcherThread [id=5420]

VM state:not at safepoint (normal execution)

VM Mutex/Monitor currently owned by a thread: None

Heap
 def new generation   total 29504K, used 23942K [0x09000000, 0x0b000000, 0x0b000000)
  eden space 26240K,  84% used [0x09000000, 0x0a58ace8, 0x0a9a0000)
  from space 3264K,  57% used [0x0acd0000, 0x0aea6c90, 0x0b000000)
  to   space 3264K,   0% used [0x0a9a0000, 0x0a9a0000, 0x0acd0000)
 tenured generation   total 98304K, used 69510K [0x0b000000, 0x11000000, 0x11000000)
   the space 98304K,  70% used [0x0b000000, 0x0f3e1980, 0x0f3e1a00, 0x11000000)
 compacting perm gen  total 34816K, used 34593K [0x11000000, 0x13200000, 0x15000000)
   the space 34816K,  99% used [0x11000000, 0x131c8410, 0x131c8600, 0x13200000)
No shared spaces configured.

Dynamic libraries:
0x00400000 - 0x00536000 	C:\Program Files\MATLAB\R2008a\bin\win32\MATLAB.exe
0x76e60000 - 0x76f9c000 	C:\Windows\SYSTEM32\ntdll.dll
0x752f0000 - 0x753c4000 	C:\Windows\system32\kernel32.dll
0x752a0000 - 0x752ea000 	C:\Windows\system32\KERNELBASE.dll
0x7ac90000 - 0x7ad5b000 	C:\Program Files\MATLAB\R2008a\bin\win32\libut.dll
0x75ca0000 - 0x75cca000 	C:\Windows\system32\imagehlp.dll
0x75810000 - 0x758bc000 	C:\Windows\system32\msvcrt.dll
0x75770000 - 0x75810000 	C:\Windows\system32\ADVAPI32.dll
0x77060000 - 0x77079000 	C:\Windows\SYSTEM32\sechost.dll
0x75bf0000 - 0x75c91000 	C:\Windows\system32\RPCRT4.dll
0x76fa0000 - 0x76fa5000 	C:\Windows\system32\PSAPI.DLL
0x7b4d0000 - 0x7b4ef000 	C:\Program Files\MATLAB\R2008a\bin\win32\LIBEXPAT.dll
0x000e0000 - 0x0017b000 	C:\Windows\WinSxS\x86_microsoft.vc80.crt_1fc8b3b9a1e18e3b_8.0.50727.6195_none_d09154e044272b9a\MSVCR80.dll
0x7b040000 - 0x7b117000 	C:\Program Files\MATLAB\R2008a\bin\win32\icuuc36.dll
0x7a820000 - 0x7a824000 	C:\Program Files\MATLAB\R2008a\bin\win32\icudt36.dll
0x7a830000 - 0x7a83c000 	C:\Program Files\MATLAB\R2008a\bin\win32\icuio36.dll
0x7aaf0000 - 0x7abb2000 	C:\Program Files\MATLAB\R2008a\bin\win32\icuin36.dll
0x00300000 - 0x00387000 	C:\Windows\WinSxS\x86_microsoft.vc80.crt_1fc8b3b9a1e18e3b_8.0.50727.6195_none_d09154e044272b9a\MSVCP80.dll
0x75b20000 - 0x75be9000 	C:\Windows\system32\USER32.dll
0x75da0000 - 0x75dee000 	C:\Windows\system32\GDI32.dll
0x77080000 - 0x7708a000 	C:\Windows\system32\LPK.dll
0x753d0000 - 0x7546d000 	C:\Windows\system32\USP10.dll
0x7adc0000 - 0x7af93000 	C:\Program Files\MATLAB\R2008a\bin\win32\libmwservices.dll
0x7ad60000 - 0x7adb2000 	C:\Program Files\MATLAB\R2008a\bin\win32\libmx.dll
0x78680000 - 0x78692000 	C:\Program Files\MATLAB\R2008a\bin\win32\zlib1.dll
0x7afa0000 - 0x7b036000 	C:\Program Files\MATLAB\R2008a\bin\win32\libmwmathutil.dll
0x791b0000 - 0x791e3000 	C:\Program Files\MATLAB\R2008a\bin\win32\mpath.dll
0x7b500000 - 0x7b515000 	C:\Program Files\MATLAB\R2008a\bin\win32\mlutil.dll
0x71700000 - 0x71784000 	C:\Windows\WinSxS\x86_microsoft.windows.common-controls_6595b64144ccf1df_5.82.7601.17514_none_ec83dffa859149af\COMCTL32.dll
0x75960000 - 0x759db000 	C:\Windows\system32\comdlg32.dll
0x75680000 - 0x756d7000 	C:\Windows\system32\SHLWAPI.dll
0x75df0000 - 0x76a3a000 	C:\Windows\system32\SHELL32.dll
0x73370000 - 0x73381000 	C:\Windows\system32\NETAPI32.dll
0x74830000 - 0x74839000 	C:\Windows\system32\netutils.dll
0x74bd0000 - 0x74be9000 	C:\Windows\system32\srvcli.dll
0x73360000 - 0x7336f000 	C:\Windows\system32\wkscli.dll
0x75920000 - 0x75955000 	C:\Windows\system32\WS2_32.dll
0x77050000 - 0x77056000 	C:\Windows\system32\NSI.dll
0x79710000 - 0x79746000 	C:\Program Files\MATLAB\R2008a\bin\win32\mcr.dll
0x7a840000 - 0x7a857000 	C:\Program Files\MATLAB\R2008a\bin\win32\iqm.dll
0x78550000 - 0x7856a000 	C:\Program Files\MATLAB\R2008a\bin\win32\bridge.dll
0x7a870000 - 0x7a87e000 	C:\Program Files\MATLAB\R2008a\bin\win32\libmex.dll
0x795e0000 - 0x79638000 	C:\Program Files\MATLAB\R2008a\bin\win32\m_dispatcher.dll
0x78570000 - 0x7858c000 	C:\Program Files\MATLAB\R2008a\bin\win32\datasvcs.dll
0x78a30000 - 0x78bf2000 	C:\Program Files\MATLAB\R2008a\bin\win32\xerces-c_2_7.dll
0x79c90000 - 0x7a1a0000 	C:\Program Files\MATLAB\R2008a\bin\win32\m_interpreter.dll
0x78590000 - 0x785b1000 	C:\Program Files\MATLAB\R2008a\bin\win32\libmat.dll
0x7abc0000 - 0x7ac85000 	C:\Program Files\MATLAB\R2008a\bin\win32\libhdf5.dll
0x794f0000 - 0x79539000 	C:\Program Files\MATLAB\R2008a\bin\win32\profiler.dll
0x7a8d0000 - 0x7a8d9000 	C:\Program Files\MATLAB\R2008a\bin\win32\libmwmathrng.dll
0x78600000 - 0x78612000 	C:\Program Files\MATLAB\R2008a\bin\win32\m_pcodeio.dll
0x79170000 - 0x791a4000 	C:\Program Files\MATLAB\R2008a\bin\win32\m_ir.dll
0x797c0000 - 0x79c8b000 	C:\Program Files\MATLAB\R2008a\bin\win32\m_parser.dll
0x7a860000 - 0x7a86d000 	C:\Program Files\MATLAB\R2008a\bin\win32\ir_xfmr.dll
0x782e0000 - 0x78411000 	C:\Program Files\MATLAB\R2008a\bin\win32\mcos.dll
0x7a900000 - 0x7a90a000 	C:\Program Files\MATLAB\R2008a\bin\win32\mtok.dll
0x785e0000 - 0x785f6000 	C:\Program Files\MATLAB\R2008a\bin\win32\m_pcodegen.dll
0x7a810000 - 0x7a81d000 	C:\Program Files\MATLAB\R2008a\bin\win32\boost_thread-vc80-mt-1_34_1.dll
0x7a6e0000 - 0x7a764000 	C:\Program Files\MATLAB\R2008a\bin\win32\udd.dll
0x7b120000 - 0x7b20d000 	C:\Program Files\MATLAB\R2008a\bin\win32\libmwgui.dll
0x786e0000 - 0x78860000 	C:\Program Files\MATLAB\R2008a\bin\win32\hg.dll
0x790b0000 - 0x790ea000 	C:\Program Files\MATLAB\R2008a\bin\win32\jmi.dll
0x78dd0000 - 0x78dfa000 	C:\Program Files\MATLAB\R2008a\bin\win32\libmwhardcopy.dll
0x79130000 - 0x79169000 	C:\Program Files\MATLAB\R2008a\bin\win32\libuij.dll
0x78860000 - 0x78a22000 	C:\Program Files\MATLAB\R2008a\bin\win32\numerics.dll
0x7a8a0000 - 0x7a8aa000 	C:\Program Files\MATLAB\R2008a\bin\win32\libmwblas.dll
0x7a890000 - 0x7a89c000 	C:\Program Files\MATLAB\R2008a\bin\win32\libmwbinder.dll
0x785c0000 - 0x785df000 	C:\Program Files\MATLAB\R2008a\bin\win32\libmwlapack.dll
0x7b4f0000 - 0x7b4f8000 	C:\Program Files\MATLAB\R2008a\bin\win32\libmwfftw.dll
0x7b520000 - 0x7b54a000 	C:\Program Files\MATLAB\R2008a\bin\win32\libmwrookfastbp.dll
0x78e00000 - 0x78e27000 	C:\Program Files\MATLAB\R2008a\bin\win32\libmwma57.dll
0x7aa40000 - 0x7aaeb000 	C:\Program Files\MATLAB\R2008a\bin\win32\libifcoremd.dll
0x791f0000 - 0x7949f000 	C:\Program Files\MATLAB\R2008a\bin\win32\libmmd.dll
0x7a8c0000 - 0x7a8c8000 	C:\Program Files\MATLAB\R2008a\bin\win32\libmwcsparse.dll
0x796a0000 - 0x79707000 	C:\Program Files\MATLAB\R2008a\bin\win32\libmwumfpack.dll
0x7a880000 - 0x7a888000 	C:\Program Files\MATLAB\R2008a\bin\win32\libmwamd.dll
0x79540000 - 0x79593000 	C:\Program Files\MATLAB\R2008a\bin\win32\libmwcholmod.dll
0x7a8b0000 - 0x7a8b8000 	C:\Program Files\MATLAB\R2008a\bin\win32\libmwcolamd.dll
0x7a770000 - 0x7a804000 	C:\Program Files\MATLAB\R2008a\bin\win32\uiw.dll
0x7a940000 - 0x7a949000 	C:\Program Files\MATLAB\R2008a\bin\win32\uinone.dll
0x00f50000 - 0x0105f000 	C:\Windows\WinSxS\x86_microsoft.vc80.mfc_1fc8b3b9a1e18e3b_8.0.50727.6195_none_cbf5e994470a1a8f\MFC80.DLL
0x73440000 - 0x73491000 	C:\Windows\system32\WINSPOOL.DRV
0x76a40000 - 0x76b9c000 	C:\Windows\system32\ole32.dll
0x76fc0000 - 0x7704f000 	C:\Windows\system32\OLEAUT32.dll
0x79750000 - 0x797b2000 	C:\Program Files\MATLAB\R2008a\bin\win32\udd_mi.dll
0x78620000 - 0x78632000 	C:\Program Files\MATLAB\R2008a\bin\win32\mwoles05.DLL
0x794a0000 - 0x794e3000 	C:\Program Files\MATLAB\R2008a\bin\win32\comcli.dll
0x01090000 - 0x010ab000 	C:\Windows\WinSxS\x86_microsoft.vc80.atl_1fc8b3b9a1e18e3b_8.0.50727.6195_none_d1cb102c435421de\ATL80.DLL
0x7a8f0000 - 0x7a8fb000 	C:\Program Files\MATLAB\R2008a\bin\win32\mlautoregister.dll
0x759e0000 - 0x759ff000 	C:\Windows\system32\IMM32.DLL
0x75cd0000 - 0x75d9c000 	C:\Windows\system32\MSCTF.dll
0x7b7f0000 - 0x7c0b2000 	C:\Program Files\MATLAB\R2008a\bin\win32\mkl.dll
0x790f0000 - 0x7912e000 	C:\Program Files\MATLAB\R2008a\bin\win32\libguide40.dll
0x7b210000 - 0x7b216000 	C:\Program Files\MATLAB\R2008a\bin\win32\mklcompat.dll
0x7a1a0000 - 0x7a650000 	C:\Program Files\MATLAB\R2008a\bin\win32\mllapack.dll
0x7b700000 - 0x7b7e4000 	C:\Program Files\MATLAB\R2008a\bin\win32\libfftw3i.dll
0x7a950000 - 0x7aa3f000 	C:\Program Files\MATLAB\R2008a\bin\win32\libfftw3f.dll
0x73160000 - 0x7316e000 	C:\Windows\WinSxS\x86_microsoft.vc80.mfcloc_1fc8b3b9a1e18e3b_8.0.50727.6195_none_03ce2c72205943d3\MFC80ENU.DLL
0x73d00000 - 0x73d40000 	C:\Windows\system32\uxtheme.dll
0x74ff0000 - 0x74ffb000 	C:\Windows\system32\profapi.dll
0x74f70000 - 0x74f7c000 	C:\Windows\system32\CRYPTBASE.dll
0x74340000 - 0x744de000 	C:\Windows\WinSxS\x86_microsoft.windows.common-controls_6595b64144ccf1df_6.0.7601.17514_none_41e6975e2bd6f2b2\comctl32.dll
0x76cc0000 - 0x76e5d000 	C:\Windows\system32\SETUPAPI.dll
0x751c0000 - 0x751e7000 	C:\Windows\system32\CFGMGR32.dll
0x751f0000 - 0x75202000 	C:\Windows\system32\DEVOBJ.dll
0x756e0000 - 0x75763000 	C:\Windows\system32\CLBCatQ.DLL
0x738f0000 - 0x739e5000 	C:\Windows\system32\propsys.dll
0x730e0000 - 0x73101000 	C:\Windows\system32\ntmarta.dll
0x75630000 - 0x75675000 	C:\Windows\system32\WLDAP32.dll
0x72910000 - 0x7292c000 	C:\Windows\system32\iphlpapi.dll
0x72900000 - 0x72907000 	C:\Windows\system32\WINNSI.DLL
0x74920000 - 0x74964000 	C:\Windows\system32\DNSAPI.dll
0x72550000 - 0x72562000 	C:\Windows\system32\dhcpcsvc.DLL
0x72520000 - 0x7252d000 	C:\Windows\system32\dhcpcsvc6.DLL
0x731b0000 - 0x731b3000 	C:\Windows\system32\icmp.Dll
0x78e60000 - 0x790a7000 	C:\Program Files\MATLAB\R2008a\sys\java\jre\win32\jre1.6.0\bin\client\jvm.dll
0x73760000 - 0x73792000 	C:\Windows\system32\WINMM.dll
0x7c340000 - 0x7c396000 	C:\Program Files\MATLAB\R2008a\bin\win32\MSVCR71.dll
0x74f20000 - 0x74f6c000 	C:\Windows\system32\apphelp.dll
0x034b0000 - 0x034e6000 	C:\Program Files\WIDCOMM\Bluetooth Software\btmmhook.dll
0x795a0000 - 0x795a8000 	C:\Program Files\MATLAB\R2008a\sys\java\jre\win32\jre1.6.0\bin\hpi.dll
0x795c0000 - 0x795cc000 	C:\Program Files\MATLAB\R2008a\sys\java\jre\win32\jre1.6.0\bin\verify.dll
0x786a0000 - 0x786bf000 	C:\Program Files\MATLAB\R2008a\sys\java\jre\win32\jre1.6.0\bin\java.dll
0x795d0000 - 0x795df000 	C:\Program Files\MATLAB\R2008a\sys\java\jre\win32\jre1.6.0\bin\zip.dll
0x78640000 - 0x78651000 	C:\Program Files\MATLAB\R2008a\bin\win32\nativejava.dll
0x78660000 - 0x78671000 	C:\Program Files\MATLAB\R2008a\bin\win32\nativejmi.dll
0x7a930000 - 0x7a936000 	C:\Program Files\MATLAB\R2008a\bin\win32\nativeservices.dll
0x78c00000 - 0x78dc3000 	C:\Program Files\MATLAB\R2008a\sys\java\jre\win32\jre1.6.0\bin\awt.dll

VM Arguments:
jvm_args: -Xss512k -XX:PermSize=32M -Xms64m -XX:NewRatio=3 -XX:MaxPermSize=64M -Xmx128m -XX:MaxDirectMemorySize=1200000000 -Dsun.java2d.noddraw=true -Dsun.awt.nopixfmt=true -Xshare:off -Xrs -Djava.library.path=C:\Program Files\MATLAB\R2008a\bin\win32 vfprintf abort
java_command: <unknown>
Launcher Type: generic

Environment Variables:
USERNAME=mvdhout
OS=Windows_NT
PROCESSOR_IDENTIFIER=x86 Family 6 Model 23 Stepping 10, GenuineIntel



---------------  S Y S T E M  ---------------

OS: Windows NT 6.1 Build 7601 Service Pack 1

CPU:total 2 family 6, cmov, cx8, fxsr, mmx, sse, sse2

Memory: 4k page, physical 3072272k(1691844k free), swap 4194303k(4194303k free)

vm_info: Java HotSpot(TM) Client VM (1.6.0-b105) for windows-x86, built on Nov 29 2006 00:48:48 by "java_re" with unknown MS VC++:1310

